<?xml version="1.0" encoding="UTF-8"?>
<!-- Generated by org.testng.reporters.JUnitReportReporter -->
<testsuite hostname="HYDPCM346015L" failures="0" tests="4" name="com.guru.TestCases.LoginPageTest" time="51.840" errors="0" timestamp="2022-09-24T01:20:43 IST" skipped="0">
  <testcase classname="com.guru.TestCases.LoginPageTest" name="ValidateTitleTest" time="16.567"/>
  <system-out/>
  <testcase classname="com.guru.TestCases.LoginPageTest" name="ValidateLoginLogoTest" time="9.060"/>
  <system-out/>
  <testcase classname="com.guru.TestCases.LoginPageTest" name="ValidateLoginLabelTest" time="12.254"/>
  <system-out/>
  <testcase classname="com.guru.TestCases.LoginPageTest" name="login" time="13.959"/>
  <system-out/>
</testsuite> <!-- com.guru.TestCases.LoginPageTest -->
