<?xml version="1.0" encoding="UTF-8"?>
<!-- Generated by org.testng.reporters.JUnitReportReporter -->
<testsuite hostname="HYDPCM346015L" failures="0" tests="3" name="com.guru.TestCases.HomePageTest" time="48.340" errors="0" timestamp="2022-09-24T01:20:43 IST" skipped="0">
  <testcase classname="com.guru.TestCases.HomePageTest" name="ValidateHomePageTitleTest" time="16.310"/>
  <system-out/>
  <testcase classname="com.guru.TestCases.HomePageTest" name="validateHomePageWelcomeLabel" time="18.425"/>
  <system-out/>
  <testcase classname="com.guru.TestCases.HomePageTest" name="clickOnNewCustomerTest" time="13.605"/>
  <system-out/>
</testsuite> <!-- com.guru.TestCases.HomePageTest -->
